#
# There is insufficient memory for the Java Runtime Environment to continue.
# Native memory allocation (malloc) failed to allocate 32744 bytes. Error detail: Chunk::new
# Possible reasons:
#   The system is out of physical RAM or swap space
#   This process is running with CompressedOops enabled, and the Java Heap may be blocking the growth of the native heap
# Possible solutions:
#   Reduce memory load on the system
#   Increase physical memory or swap space
#   Check if swap backing store is full
#   Decrease Java heap size (-Xmx/-Xms)
#   Decrease number of Java threads
#   Decrease Java thread stack sizes (-Xss)
#   Set larger code cache with -XX:ReservedCodeCacheSize=
#   JVM is running with Zero Based Compressed Oops mode in which the Java heap is
#     placed in the first 32GB address space. The Java Heap base address is the
#     maximum limit for the native heap growth. Please use -XX:HeapBaseMinAddress
#     to set the Java Heap base and to place the Java Heap above 32GB virtual address.
# This output file may be truncated or incomplete.
#
#  Out of Memory Error (arena.cpp:150), pid=169664, tid=158040
#
# JRE version: Java(TM) SE Runtime Environment (22.0+36) (build 22+36-2370)
# Java VM: Java HotSpot(TM) 64-Bit Server VM (22+36-2370, mixed mode, sharing, tiered, compressed oops, compressed class ptrs, g1 gc, windows-amd64)
# No core dump will be written. Minidumps are not enabled by default on client versions of Windows
#

---------------  S U M M A R Y ------------

Command Line: -ea -DnodeNamesHandler=org.jetbrains.plugins.cucumber.java.run.CucumberTestTreeNodeManager -Didea.test.cyclic.buffer.size=1048576 -javaagent:C:\Program Files\JetBrains\IntelliJ IDEA Community Edition 2024.1\lib\idea_rt.jar=51452:C:\Program Files\JetBrains\IntelliJ IDEA Community Edition 2024.1\bin -Dfile.encoding=UTF-8 -Dsun.stdout.encoding=UTF-8 -Dsun.stderr.encoding=UTF-8 com.intellij.rt.junit.JUnitStarter -ideVersion5 -junit4 com.example.demo.RunCucumberTest

Host: AMD Ryzen 7 5800U with Radeon Graphics         , 16 cores, 13G,  Windows 11 , 64 bit Build 22621 (10.0.22621.3527)
Time: Sat May 11 18:50:14 2024 Västeuropa, sommartid elapsed time: 168.268991 seconds (0d 0h 2m 48s)

---------------  T H R E A D  ---------------

Current thread (0x0000027c82c8c210):  JavaThread "C1 CompilerThread0" daemon [_thread_in_native, id=158040, stack(0x000000d834d00000,0x000000d834e00000) (1024K)]


Current CompileTask:
C1:168269 5517   !   3       java.util.concurrent.ThreadPoolExecutor::tryTerminate (177 bytes)

Stack: [0x000000d834d00000,0x000000d834e00000]
Native frames: (J=compiled Java code, j=interpreted, Vv=VM code, C=native code)
V  [jvm.dll+0x6e2349]  (no source info available)
V  [jvm.dll+0x874ed3]  (no source info available)
V  [jvm.dll+0x8772fe]  (no source info available)
V  [jvm.dll+0x8779d3]  (no source info available)
V  [jvm.dll+0x27fcb6]  (no source info available)
V  [jvm.dll+0xc3d0f]  (no source info available)
V  [jvm.dll+0xc3f6b]  (no source info available)
V  [jvm.dll+0x17c610]  (no source info available)
V  [jvm.dll+0x17fe91]  (no source info available)
V  [jvm.dll+0x17d2ae]  (no source info available)
V  [jvm.dll+0x16b3b0]  (no source info available)
V  [jvm.dll+0x153d92]  (no source info available)
V  [jvm.dll+0x1535c3]  (no source info available)
V  [jvm.dll+0x1538a0]  (no source info available)
V  [jvm.dll+0x152c1d]  (no source info available)
V  [jvm.dll+0x154add]  (no source info available)
V  [jvm.dll+0x25699e]  (no source info available)
V  [jvm.dll+0x254c5a]  (no source info available)
V  [jvm.dll+0x3f5426]  (no source info available)
V  [jvm.dll+0x81d50b]  (no source info available)
V  [jvm.dll+0x6e09e5]  (no source info available)
C  [ucrtbase.dll+0x29333]  (no source info available)
C  [KERNEL32.DLL+0x1257d]  (no source info available)
C  [ntdll.dll+0x5aa48]  (no source info available)


---------------  P R O C E S S  ---------------

Threads class SMR info:
_java_thread_list=0x0000027cc92d0c60, length=91, elements={
0x0000027ce18d0300, 0x0000027c82c71fb0, 0x0000027c82c73080, 0x0000027c82c78e70,
0x0000027c82c7b9e0, 0x0000027c82c7c5f0, 0x0000027c82c7e610, 0x0000027c82c895a0,
0x0000027c82c8c210, 0x0000027cc816dcf0, 0x0000027cc81e0430, 0x0000027cc81e0aa0,
0x0000027cc9bcdc30, 0x0000027cca793750, 0x0000027cca793dc0, 0x0000027cc91def70,
0x0000027cc9744670, 0x0000027cc9742c30, 0x0000027cc9748810, 0x0000027cc9748180,
0x0000027cc97460b0, 0x0000027cc81e6930, 0x0000027cc81e6fc0, 0x0000027cc81e9db0,
0x0000027cc81e5c10, 0x0000027cc81e62a0, 0x0000027cc81eaad0, 0x0000027cc81ea440,
0x0000027cc81e4ef0, 0x0000027cc986fa10, 0x0000027cc9872800, 0x0000027cc9870730,
0x0000027cc9873bb0, 0x0000027cc9874240, 0x0000027cc986ecf0, 0x0000027cc986f380,
0x0000027cc9a6b660, 0x0000027cc9a64d60, 0x0000027cc9a6c380, 0x0000027cc9a65a80,
0x0000027cc9a69c20, 0x0000027cc9bc8c30, 0x0000027cc9bc9950, 0x0000027cc9bc92c0,
0x0000027cc9bc6b60, 0x0000027cc9bc5e40, 0x0000027cc9bc3050, 0x0000027cc9bca670,
0x0000027cc9bc5120, 0x0000027cc9a66110, 0x0000027cc97425a0, 0x0000027cc97432c0,
0x0000027cc9745390, 0x0000027cc80689a0, 0x0000027cc8068310, 0x0000027cc8069030,
0x0000027cc80620a0, 0x0000027cc8064800, 0x0000027cc8066240, 0x0000027cc8064170,
0x0000027cc80668d0, 0x0000027cc9749530, 0x0000027cc81e8370, 0x0000027cc81e7650,
0x0000027cc81e41d0, 0x0000027cc81e9090, 0x0000027cc81e9720, 0x0000027cc81e7ce0,
0x0000027cc9871450, 0x0000027cc9872170, 0x0000027cc986d940, 0x0000027cc9871ae0,
0x0000027cc986e660, 0x0000027cc8063450, 0x0000027cc9747af0, 0x0000027cc9a6a940,
0x0000027cc9a6bcf0, 0x0000027cc9a653f0, 0x0000027cc9bc4a90, 0x0000027cc9741f10,
0x0000027cc97b4040, 0x0000027cc97b46d0, 0x0000027cc97b39b0, 0x0000027cc97b53f0,
0x0000027cc97b5a80, 0x0000027cc97b6110, 0x0000027cc97b3320, 0x0000027cc97b7b50,
0x0000027cc97b67a0, 0x0000027cc97b6e30, 0x0000027cc97b81e0
}

Java Threads: ( => current thread )
  0x0000027ce18d0300 JavaThread "Forwarding get on session dfcce78009f9a8c0dc4f536745681694 to remote"        [_thread_blocked, id=166124, stack(0x000000d833e00000,0x000000d833f00000) (1024K)]
  0x0000027c82c71fb0 JavaThread "Reference Handler"          daemon [_thread_blocked, id=165012, stack(0x000000d834600000,0x000000d834700000) (1024K)]
  0x0000027c82c73080 JavaThread "Finalizer"                  daemon [_thread_blocked, id=159692, stack(0x000000d834700000,0x000000d834800000) (1024K)]
  0x0000027c82c78e70 JavaThread "Signal Dispatcher"          daemon [_thread_blocked, id=155180, stack(0x000000d834800000,0x000000d834900000) (1024K)]
  0x0000027c82c7b9e0 JavaThread "Attach Listener"            daemon [_thread_blocked, id=156764, stack(0x000000d834900000,0x000000d834a00000) (1024K)]
  0x0000027c82c7c5f0 JavaThread "Service Thread"             daemon [_thread_blocked, id=151940, stack(0x000000d834a00000,0x000000d834b00000) (1024K)]
  0x0000027c82c7e610 JavaThread "Monitor Deflation Thread"   daemon [_thread_blocked, id=167352, stack(0x000000d834b00000,0x000000d834c00000) (1024K)]
  0x0000027c82c895a0 JavaThread "C2 CompilerThread0"         daemon [_thread_blocked, id=155296, stack(0x000000d834c00000,0x000000d834d00000) (1024K)]
=>0x0000027c82c8c210 JavaThread "C1 CompilerThread0"         daemon [_thread_in_native, id=158040, stack(0x000000d834d00000,0x000000d834e00000) (1024K)]
  0x0000027cc816dcf0 JavaThread "Common-Cleaner"             daemon [_thread_blocked, id=165212, stack(0x000000d834f00000,0x000000d835000000) (1024K)]
  0x0000027cc81e0430 JavaThread "Monitor Ctrl-Break"         daemon [_thread_in_native, id=164132, stack(0x000000d835000000,0x000000d835100000) (1024K)]
  0x0000027cc81e0aa0 JavaThread "Notification Thread"        daemon [_thread_blocked, id=152720, stack(0x000000d835100000,0x000000d835200000) (1024K)]
  0x0000027cc9bcdc30 JavaThread "Thread-3"                          [_thread_in_native, id=164696, stack(0x000000d836100000,0x000000d836200000) (1024K)]
  0x0000027cca793750 JavaThread "Driver Service Executor"    daemon [_thread_blocked, id=165524, stack(0x000000d836200000,0x000000d836300000) (1024K)]
  0x0000027cca793dc0 JavaThread "Driver Service Executor"    daemon [_thread_blocked, id=164712, stack(0x000000d836300000,0x000000d836400000) (1024K)]
  0x0000027cc91def70 JavaThread "UrlChecker-2"               daemon [_thread_blocked, id=165364, stack(0x000000d836400000,0x000000d836500000) (1024K)]
  0x0000027cc9744670 JavaThread "HttpClient-2-SelectorManager" daemon [_thread_in_native, id=163224, stack(0x000000d836a00000,0x000000d836b00000) (1024K)]
  0x0000027cc9742c30 JavaThread "Thread-7"                          [_thread_in_native, id=156300, stack(0x000000d837000000,0x000000d837100000) (1024K)]
  0x0000027cc9748810 JavaThread "Driver Service Executor"    daemon [_thread_blocked, id=167036, stack(0x000000d837100000,0x000000d837200000) (1024K)]
  0x0000027cc9748180 JavaThread "Driver Service Executor"    daemon [_thread_blocked, id=163360, stack(0x000000d837200000,0x000000d837300000) (1024K)]
  0x0000027cc97460b0 JavaThread "HttpClient-4-SelectorManager" daemon [_thread_in_native, id=142792, stack(0x000000d834e00000,0x000000d834f00000) (1024K)]
  0x0000027cc81e6930 JavaThread "Thread-23"                         [_thread_in_native, id=148100, stack(0x000000d837c00000,0x000000d837d00000) (1024K)]
  0x0000027cc81e6fc0 JavaThread "Driver Service Executor"    daemon [_thread_blocked, id=167480, stack(0x000000d837d00000,0x000000d837e00000) (1024K)]
  0x0000027cc81e9db0 JavaThread "Driver Service Executor"    daemon [_thread_blocked, id=146048, stack(0x000000d837e00000,0x000000d837f00000) (1024K)]
  0x0000027cc81e5c10 JavaThread "HttpClient-10-SelectorManager" daemon [_thread_in_native, id=132720, stack(0x000000d838100000,0x000000d838200000) (1024K)]
  0x0000027cc81e62a0 JavaThread "Thread-27"                         [_thread_in_native, id=157892, stack(0x000000d838700000,0x000000d838800000) (1024K)]
  0x0000027cc81eaad0 JavaThread "Driver Service Executor"    daemon [_thread_blocked, id=156316, stack(0x000000d838800000,0x000000d838900000) (1024K)]
  0x0000027cc81ea440 JavaThread "Driver Service Executor"    daemon [_thread_blocked, id=122556, stack(0x000000d838900000,0x000000d838a00000) (1024K)]
  0x0000027cc81e4ef0 JavaThread "HttpClient-12-SelectorManager" daemon [_thread_in_native, id=161564, stack(0x000000d838d00000,0x000000d838e00000) (1024K)]
  0x0000027cc986fa10 JavaThread "Thread-43"                         [_thread_in_native, id=12188, stack(0x000000d837a00000,0x000000d837b00000) (1024K)]
  0x0000027cc9872800 JavaThread "Driver Service Executor"    daemon [_thread_blocked, id=105684, stack(0x000000d839200000,0x000000d839300000) (1024K)]
  0x0000027cc9870730 JavaThread "Driver Service Executor"    daemon [_thread_blocked, id=167360, stack(0x000000d839300000,0x000000d839400000) (1024K)]
  0x0000027cc9873bb0 JavaThread "HttpClient-18-SelectorManager" daemon [_thread_in_native, id=89560, stack(0x000000d836000000,0x000000d836100000) (1024K)]
  0x0000027cc9874240 JavaThread "Thread-47"                         [_thread_in_native, id=161920, stack(0x000000d839d00000,0x000000d839e00000) (1024K)]
  0x0000027cc986ecf0 JavaThread "Driver Service Executor"    daemon [_thread_blocked, id=169532, stack(0x000000d839e00000,0x000000d839f00000) (1024K)]
  0x0000027cc986f380 JavaThread "Driver Service Executor"    daemon [_thread_blocked, id=163648, stack(0x000000d839f00000,0x000000d83a000000) (1024K)]
  0x0000027cc9a6b660 JavaThread "HttpClient-20-SelectorManager" daemon [_thread_in_native, id=166120, stack(0x000000d83a300000,0x000000d83a400000) (1024K)]
  0x0000027cc9a64d60 JavaThread "Thread-63"                         [_thread_in_native, id=148244, stack(0x000000d83aa00000,0x000000d83ab00000) (1024K)]
  0x0000027cc9a6c380 JavaThread "Driver Service Executor"    daemon [_thread_blocked, id=163484, stack(0x000000d83ab00000,0x000000d83ac00000) (1024K)]
  0x0000027cc9a65a80 JavaThread "Driver Service Executor"    daemon [_thread_blocked, id=164172, stack(0x000000d83ac00000,0x000000d83ad00000) (1024K)]
  0x0000027cc9a69c20 JavaThread "HttpClient-26-SelectorManager" daemon [_thread_in_native, id=168088, stack(0x000000d83af00000,0x000000d83b000000) (1024K)]
  0x0000027cc9bc8c30 JavaThread "Thread-67"                         [_thread_in_native, id=129864, stack(0x000000d83b500000,0x000000d83b600000) (1024K)]
  0x0000027cc9bc9950 JavaThread "Driver Service Executor"    daemon [_thread_blocked, id=165864, stack(0x000000d83b600000,0x000000d83b700000) (1024K)]
  0x0000027cc9bc92c0 JavaThread "Driver Service Executor"    daemon [_thread_blocked, id=157752, stack(0x000000d83b700000,0x000000d83b800000) (1024K)]
  0x0000027cc9bc6b60 JavaThread "HttpClient-28-SelectorManager" daemon [_thread_in_native, id=162916, stack(0x000000d837900000,0x000000d837a00000) (1024K)]
  0x0000027cc9bc5e40 JavaThread "Thread-83"                         [_thread_in_native, id=164832, stack(0x000000d833d00000,0x000000d833e00000) (1024K)]
  0x0000027cc9bc3050 JavaThread "Driver Service Executor"    daemon [_thread_blocked, id=168112, stack(0x000000d83a800000,0x000000d83a900000) (1024K)]
  0x0000027cc9bca670 JavaThread "Driver Service Executor"    daemon [_thread_blocked, id=91964, stack(0x000000d83b900000,0x000000d83ba00000) (1024K)]
  0x0000027cc9bc5120 JavaThread "HttpClient-34-SelectorManager" daemon [_thread_in_native, id=159640, stack(0x000000d83bc00000,0x000000d83bd00000) (1024K)]
  0x0000027cc9a66110 JavaThread "Thread-87"                         [_thread_in_native, id=169468, stack(0x000000d836800000,0x000000d836900000) (1024K)]
  0x0000027cc97425a0 JavaThread "Driver Service Executor"    daemon [_thread_blocked, id=161080, stack(0x000000d836900000,0x000000d836a00000) (1024K)]
  0x0000027cc97432c0 JavaThread "Driver Service Executor"    daemon [_thread_blocked, id=161424, stack(0x000000d836b00000,0x000000d836c00000) (1024K)]
  0x0000027cc9745390 JavaThread "HttpClient-36-SelectorManager" daemon [_thread_in_native, id=166532, stack(0x000000d83c100000,0x000000d83c200000) (1024K)]
  0x0000027cc80689a0 JavaThread "HttpClient-41-SelectorManager" daemon [_thread_in_native, id=140596, stack(0x000000d837600000,0x000000d837700000) (1024K)]
  0x0000027cc8068310 JavaThread "Thread-103"                        [_thread_in_native, id=159292, stack(0x000000d837700000,0x000000d837800000) (1024K)]
  0x0000027cc8069030 JavaThread "Driver Service Executor"    daemon [_thread_blocked, id=162024, stack(0x000000d837800000,0x000000d837900000) (1024K)]
  0x0000027cc80620a0 JavaThread "Driver Service Executor"    daemon [_thread_blocked, id=166560, stack(0x000000d837500000,0x000000d837600000) (1024K)]
  0x0000027cc8064800 JavaThread "HttpClient-42-SelectorManager" daemon [_thread_in_native, id=159816, stack(0x000000d83c900000,0x000000d83ca00000) (1024K)]
  0x0000027cc8066240 JavaThread "Thread-107"                        [_thread_in_native, id=169784, stack(0x000000d838000000,0x000000d838100000) (1024K)]
  0x0000027cc8064170 JavaThread "Driver Service Executor"    daemon [_thread_blocked, id=156108, stack(0x000000d838200000,0x000000d838300000) (1024K)]
  0x0000027cc80668d0 JavaThread "Driver Service Executor"    daemon [_thread_blocked, id=158696, stack(0x000000d838300000,0x000000d838400000) (1024K)]
  0x0000027cc9749530 JavaThread "HttpClient-44-SelectorManager" daemon [_thread_in_native, id=157684, stack(0x000000d83c800000,0x000000d83c900000) (1024K)]
  0x0000027cc81e8370 JavaThread "HttpClient-47-SelectorManager" daemon [_thread_in_native, id=157404, stack(0x000000d833b00000,0x000000d833c00000) (1024K)]
  0x0000027cc81e7650 JavaThread "HttpClient-49-SelectorManager" daemon [_thread_in_native, id=157632, stack(0x000000d833c00000,0x000000d833d00000) (1024K)]
  0x0000027cc81e41d0 JavaThread "Thread-123"                        [_thread_in_native, id=106048, stack(0x000000d836700000,0x000000d836800000) (1024K)]
  0x0000027cc81e9090 JavaThread "Driver Service Executor"    daemon [_thread_blocked, id=163668, stack(0x000000d837300000,0x000000d837400000) (1024K)]
  0x0000027cc81e9720 JavaThread "Driver Service Executor"    daemon [_thread_blocked, id=159552, stack(0x000000d837400000,0x000000d837500000) (1024K)]
  0x0000027cc81e7ce0 JavaThread "HttpClient-50-SelectorManager" daemon [_thread_in_native, id=167980, stack(0x000000d837f00000,0x000000d838000000) (1024K)]
  0x0000027cc9871450 JavaThread "HttpClient-51-SelectorManager" daemon [_thread_in_native, id=154200, stack(0x000000d839600000,0x000000d839700000) (1024K)]
  0x0000027cc9872170 JavaThread "Thread-127"                        [_thread_in_native, id=157104, stack(0x000000d839700000,0x000000d839800000) (1024K)]
  0x0000027cc986d940 JavaThread "Driver Service Executor"    daemon [_thread_blocked, id=169636, stack(0x000000d839800000,0x000000d839900000) (1024K)]
  0x0000027cc9871ae0 JavaThread "Driver Service Executor"    daemon [_thread_blocked, id=169280, stack(0x000000d839900000,0x000000d839a00000) (1024K)]
  0x0000027cc986e660 JavaThread "HttpClient-52-SelectorManager" daemon [_thread_in_native, id=95412, stack(0x000000d83a700000,0x000000d83a800000) (1024K)]
  0x0000027cc8063450 JavaThread "HttpClient-53-SelectorManager" daemon [_thread_in_native, id=148564, stack(0x000000d83a000000,0x000000d83a100000) (1024K)]
  0x0000027cc9747af0 JavaThread "HttpClient-55-SelectorManager" daemon [_thread_in_native, id=170404, stack(0x000000d83a100000,0x000000d83a200000) (1024K)]
  0x0000027cc9a6a940 JavaThread "HttpClient-57-SelectorManager" daemon [_thread_in_native, id=150084, stack(0x000000d83a200000,0x000000d83a300000) (1024K)]
  0x0000027cc9a6bcf0 JavaThread "Thread-143"                        [_thread_in_native, id=130168, stack(0x000000d83a400000,0x000000d83a500000) (1024K)]
  0x0000027cc9a653f0 JavaThread "Driver Service Executor"    daemon [_thread_blocked, id=167356, stack(0x000000d83a500000,0x000000d83a600000) (1024K)]
  0x0000027cc9bc4a90 JavaThread "Driver Service Executor"    daemon [_thread_blocked, id=170060, stack(0x000000d83a600000,0x000000d83a700000) (1024K)]
  0x0000027cc9741f10 JavaThread "HttpClient-58-SelectorManager" daemon [_thread_in_native, id=167500, stack(0x000000d83d600000,0x000000d83d700000) (1024K)]
  0x0000027cc97b4040 JavaThread "HttpClient-59-SelectorManager" daemon [_thread_in_native, id=170924, stack(0x000000d83db00000,0x000000d83dc00000) (1024K)]
  0x0000027cc97b46d0 JavaThread "Thread-147"                        [_thread_in_native, id=159576, stack(0x000000d83ad00000,0x000000d83ae00000) (1024K)]
  0x0000027cc97b39b0 JavaThread "Driver Service Executor"    daemon [_thread_blocked, id=163488, stack(0x000000d83ae00000,0x000000d83af00000) (1024K)]
  0x0000027cc97b53f0 JavaThread "Driver Service Executor"    daemon [_thread_blocked, id=163144, stack(0x000000d83b000000,0x000000d83b100000) (1024K)]
  0x0000027cc97b5a80 JavaThread "pool-59-thread-1"                  [_thread_blocked, id=170908, stack(0x000000d83b100000,0x000000d83b200000) (1024K)]
  0x0000027cc97b6110 JavaThread "pool-59-thread-2"                  [_thread_blocked, id=165968, stack(0x000000d83b200000,0x000000d83b300000) (1024K)]
  0x0000027cc97b3320 JavaThread "HttpClient-60-SelectorManager" daemon [_thread_in_native, id=149628, stack(0x000000d83b300000,0x000000d83b400000) (1024K)]
  0x0000027cc97b7b50 JavaThread "pool-60-thread-1"                  [_thread_blocked, id=167192, stack(0x000000d83dc00000,0x000000d83dd00000) (1024K)]
  0x0000027cc97b67a0 JavaThread "pool-60-thread-2"                  [_thread_blocked, id=108720, stack(0x000000d83dd00000,0x000000d83de00000) (1024K)]
  0x0000027cc97b6e30 JavaThread "pool-60-thread-3"                  [_thread_blocked, id=165136, stack(0x000000d83de00000,0x000000d83df00000) (1024K)]
  0x0000027cc97b81e0 JavaThread "pool-59-thread-3"                  [_thread_blocked, id=164300, stack(0x000000d83df00000,0x000000d83e000000) (1024K)]
Total: 91

Other Threads:
  0x0000027c82c531c0 VMThread "VM Thread"                           [id=166828, stack(0x000000d834500000,0x000000d834600000) (1024K)]
  0x0000027c82c3e2b0 WatcherThread "VM Periodic Task Thread"        [id=165064, stack(0x000000d834400000,0x000000d834500000) (1024K)]
  0x0000027ce3bf0f20 WorkerThread "GC Thread#0"                     [id=164808, stack(0x000000d833f00000,0x000000d834000000) (1024K)]
  0x0000027cc8e3a980 WorkerThread "GC Thread#1"                     [id=159056, stack(0x000000d835200000,0x000000d835300000) (1024K)]
  0x0000027cc8e3ad30 WorkerThread "GC Thread#2"                     [id=162776, stack(0x000000d835300000,0x000000d835400000) (1024K)]
  0x0000027cc8e3b0e0 WorkerThread "GC Thread#3"                     [id=159184, stack(0x000000d835400000,0x000000d835500000) (1024K)]
  0x0000027cc8e25f90 WorkerThread "GC Thread#4"                     [id=165760, stack(0x000000d835500000,0x000000d835600000) (1024K)]
  0x0000027cc8e5c220 WorkerThread "GC Thread#5"                     [id=133900, stack(0x000000d835600000,0x000000d835700000) (1024K)]
  0x0000027cc8e5c5d0 WorkerThread "GC Thread#6"                     [id=166208, stack(0x000000d835700000,0x000000d835800000) (1024K)]
  0x0000027cc8e5d7a0 WorkerThread "GC Thread#7"                     [id=168360, stack(0x000000d835800000,0x000000d835900000) (1024K)]
  0x0000027cc921a790 WorkerThread "GC Thread#8"                     [id=168280, stack(0x000000d835b00000,0x000000d835c00000) (1024K)]
  0x0000027cc921b650 WorkerThread "GC Thread#9"                     [id=110832, stack(0x000000d835c00000,0x000000d835d00000) (1024K)]
  0x0000027cc921a3e0 WorkerThread "GC Thread#10"                    [id=165956, stack(0x000000d835d00000,0x000000d835e00000) (1024K)]
  0x0000027cc921ab40 WorkerThread "GC Thread#11"                    [id=168924, stack(0x000000d835e00000,0x000000d835f00000) (1024K)]
  0x0000027cca6d9240 WorkerThread "GC Thread#12"                    [id=167200, stack(0x000000d835f00000,0x000000d836000000) (1024K)]
  0x0000027ce3bffe80 ConcurrentGCThread "G1 Main Marker"            [id=163628, stack(0x000000d834000000,0x000000d834100000) (1024K)]
  0x0000027ce3c00990 WorkerThread "G1 Conc#0"                       [id=147016, stack(0x000000d834100000,0x000000d834200000) (1024K)]
  0x0000027cca6d6600 WorkerThread "G1 Conc#1"                       [id=168708, stack(0x000000d836e00000,0x000000d836f00000) (1024K)]
  0x0000027cca6d6250 WorkerThread "G1 Conc#2"                       [id=167624, stack(0x000000d836f00000,0x000000d837000000) (1024K)]
  0x0000027c82b0e030 ConcurrentGCThread "G1 Refine#0"               [id=167084, stack(0x000000d834200000,0x000000d834300000) (1024K)]
  0x0000027c82b0ebb0 ConcurrentGCThread "G1 Service"                [id=155752, stack(0x000000d834300000,0x000000d834400000) (1024K)]
Total: 21

Threads with active compile tasks:
C1 CompilerThread0  168442 5517   !   3       java.util.concurrent.ThreadPoolExecutor::tryTerminate (177 bytes)
Total: 1

VM state: not at safepoint (normal execution)

VM Mutex/Monitor currently owned by a thread: None

Heap address: 0x0000000722400000, size: 3548 MB, Compressed Oops mode: Zero based, Oop shift amount: 3

CDS archive(s) mapped at: [0x0000027c83000000-0x0000027c83c60000-0x0000027c83c60000), size 12976128, SharedBaseAddress: 0x0000027c83000000, ArchiveRelocationMode: 1.
Compressed class space mapped at: 0x0000027c84000000-0x0000027cc4000000, reserved size: 1073741824
Narrow klass base: 0x0000027c83000000, Narrow klass shift: 0, Narrow klass range: 0x41000000

GC Precious Log:
 CardTable entry size: 512
 Card Set container configuration: InlinePtr #cards 4 size 8 Array Of Cards #cards 16 size 48 Howl #buckets 8 coarsen threshold 3686 Howl Bitmap #cards 512 size 80 coarsen threshold 460 Card regions per heap region 1 cards per card region 4096
 CPUs: 16 total, 16 available
 Memory: 14188M
 Large Page Support: Disabled
 NUMA Support: Disabled
 Compressed Oops: Enabled (Zero based)
 Heap Region Size: 2M
 Heap Min Capacity: 8M
 Heap Initial Capacity: 222M
 Heap Max Capacity: 3548M
 Pre-touch: Disabled
 Parallel Workers: 13
 Concurrent Workers: 3
 Concurrent Refinement Workers: 13
 Periodic GC: Disabled

Heap:
 garbage-first heap   total reserved 3633152K, committed 57344K, used 30580K [0x0000000722400000, 0x0000000800000000)
  region size 2048K, 12 young (24576K), 2 survivors (4096K)
 Metaspace       used 23394K, committed 23808K, reserved 1114112K
  class space    used 2784K, committed 2944K, reserved 1048576K

Heap Regions: E=young(eden), S=young(survivor), O=old, HS=humongous(starts), HC=humongous(continues), CS=collection set, F=free, TAMS=top-at-mark-start, PB=parsable bottom
|   0|0x0000000722400000, 0x0000000722600000, 0x0000000722600000|100%| O|  |TAMS 0x0000000722400000| PB 0x0000000722400000| Untracked |  0
|   1|0x0000000722600000, 0x0000000722800000, 0x0000000722800000|100%| O|  |TAMS 0x0000000722600000| PB 0x0000000722600000| Untracked |  0
|   2|0x0000000722800000, 0x0000000722800000, 0x0000000722a00000|  0%| F|  |TAMS 0x0000000722800000| PB 0x0000000722800000| Untracked |  0
|   3|0x0000000722a00000, 0x0000000722c00000, 0x0000000722c00000|100%| O|  |TAMS 0x0000000722a00000| PB 0x0000000722a00000| Untracked |  0
|   4|0x0000000722c00000, 0x0000000722e00000, 0x0000000722e00000|100%| O|  |TAMS 0x0000000722c00000| PB 0x0000000722c00000| Untracked |  0
|   5|0x0000000722e00000, 0x0000000723000000, 0x0000000723000000|100%| O|  |TAMS 0x0000000722e00000| PB 0x0000000722e00000| Untracked |  0
|   6|0x0000000723000000, 0x00000007231076d0, 0x0000000723200000| 51%| O|  |TAMS 0x0000000723000000| PB 0x0000000723000000| Untracked |  0
|   7|0x0000000723200000, 0x0000000723200000, 0x0000000723400000|  0%| F|  |TAMS 0x0000000723200000| PB 0x0000000723200000| Untracked |  0
|   8|0x0000000723400000, 0x0000000723400000, 0x0000000723600000|  0%| F|  |TAMS 0x0000000723400000| PB 0x0000000723400000| Untracked |  0
|   9|0x0000000723600000, 0x0000000723600000, 0x0000000723800000|  0%| F|  |TAMS 0x0000000723600000| PB 0x0000000723600000| Untracked |  0
|  10|0x0000000723800000, 0x0000000723800000, 0x0000000723a00000|  0%| F|  |TAMS 0x0000000723800000| PB 0x0000000723800000| Untracked |  0
|  11|0x0000000723a00000, 0x0000000723a00000, 0x0000000723c00000|  0%| F|  |TAMS 0x0000000723a00000| PB 0x0000000723a00000| Untracked |  0
|  12|0x0000000723c00000, 0x0000000723cd5b90, 0x0000000723e00000| 41%| S|CS|TAMS 0x0000000723c00000| PB 0x0000000723c00000| Complete |  0
|  13|0x0000000723e00000, 0x0000000724000000, 0x0000000724000000|100%| S|CS|TAMS 0x0000000723e00000| PB 0x0000000723e00000| Complete |  0
|  14|0x0000000724000000, 0x0000000724000000, 0x0000000724200000|  0%| F|  |TAMS 0x0000000724000000| PB 0x0000000724000000| Untracked |  0
|  15|0x0000000724200000, 0x0000000724200000, 0x0000000724400000|  0%| F|  |TAMS 0x0000000724200000| PB 0x0000000724200000| Untracked |  0
|  16|0x0000000724400000, 0x0000000724400000, 0x0000000724600000|  0%| F|  |TAMS 0x0000000724400000| PB 0x0000000724400000| Untracked |  0
|  17|0x0000000724600000, 0x0000000724600000, 0x0000000724800000|  0%| F|  |TAMS 0x0000000724600000| PB 0x0000000724600000| Untracked |  0
|  18|0x0000000724800000, 0x00000007248ca480, 0x0000000724a00000| 39%| E|  |TAMS 0x0000000724800000| PB 0x0000000724800000| Complete |  0
|  19|0x0000000724a00000, 0x0000000724c00000, 0x0000000724c00000|100%| E|CS|TAMS 0x0000000724a00000| PB 0x0000000724a00000| Complete |  0
|  20|0x0000000724c00000, 0x0000000724e00000, 0x0000000724e00000|100%| E|CS|TAMS 0x0000000724c00000| PB 0x0000000724c00000| Complete |  0
|  21|0x0000000724e00000, 0x0000000725000000, 0x0000000725000000|100%| E|CS|TAMS 0x0000000724e00000| PB 0x0000000724e00000| Complete |  0
|  22|0x0000000725000000, 0x0000000725200000, 0x0000000725200000|100%| E|CS|TAMS 0x0000000725000000| PB 0x0000000725000000| Complete |  0
|  97|0x000000072e600000, 0x000000072e800000, 0x000000072e800000|100%| E|CS|TAMS 0x000000072e600000| PB 0x000000072e600000| Complete |  0
|  98|0x000000072e800000, 0x000000072ea00000, 0x000000072ea00000|100%| E|  |TAMS 0x000000072e800000| PB 0x000000072e800000| Complete |  0
|  99|0x000000072ea00000, 0x000000072ec00000, 0x000000072ec00000|100%| E|CS|TAMS 0x000000072ea00000| PB 0x000000072ea00000| Complete |  0
| 100|0x000000072ec00000, 0x000000072ee00000, 0x000000072ee00000|100%| E|CS|TAMS 0x000000072ec00000| PB 0x000000072ec00000| Complete |  0
| 110|0x0000000730000000, 0x0000000730200000, 0x0000000730200000|100%| E|CS|TAMS 0x0000000730000000| PB 0x0000000730000000| Complete |  0

Card table byte_map: [0x0000027cfbe30000,0x0000027cfc520000] _byte_map_base: 0x0000027cf851e000

Marking Bits: (CMBitMap*) 0x0000027ce3bf1630
 Bits: [0x0000027cfc520000, 0x0000027cffc90000)

Polling page: 0x0000027ce1b40000

Metaspace:

Usage:
  Non-class:     20.13 MB used.
      Class:      2.72 MB used.
       Both:     22.85 MB used.

Virtual space:
  Non-class space:       64.00 MB reserved,      20.38 MB ( 32%) committed,  1 nodes.
      Class space:        1.00 GB reserved,       2.88 MB ( <1%) committed,  1 nodes.
             Both:        1.06 GB reserved,      23.25 MB (  2%) committed. 

Chunk freelists:
   Non-Class:  11.67 MB
       Class:  13.09 MB
        Both:  24.76 MB

MaxMetaspaceSize: unlimited
CompressedClassSpaceSize: 1.00 GB
Initial GC threshold: 21.00 MB
Current GC threshold: 35.12 MB
CDS: on
 - commit_granule_bytes: 65536.
 - commit_granule_words: 8192.
 - virtual_space_node_default_size: 8388608.
 - enlarge_chunks_in_place: 1.
 - use_allocation_guard: 0.


Internal statistics:

num_allocs_failed_limit: 3.
num_arena_births: 498.
num_arena_deaths: 0.
num_vsnodes_births: 2.
num_vsnodes_deaths: 0.
num_space_committed: 372.
num_space_uncommitted: 0.
num_chunks_returned_to_freelist: 3.
num_chunks_taken_from_freelist: 1186.
num_chunk_merges: 3.
num_chunk_splits: 763.
num_chunks_enlarged: 511.
num_inconsistent_stats: 0.

CodeHeap 'non-profiled nmethods': size=119168Kb used=1836Kb max_used=1836Kb free=117331Kb
 bounds [0x0000027cf3a60000, 0x0000027cf3cd0000, 0x0000027cfaec0000]
CodeHeap 'profiled nmethods': size=119104Kb used=11092Kb max_used=11092Kb free=108011Kb
 bounds [0x0000027cebec0000, 0x0000027cec9a0000, 0x0000027cf3310000]
CodeHeap 'non-nmethods': size=7488Kb used=1536Kb max_used=3237Kb free=5952Kb
 bounds [0x0000027cf3310000, 0x0000027cf36b0000, 0x0000027cf3a60000]
 total_blobs=6116 nmethods=5514 adapters=505
 compilation: enabled
              stopped_count=0, restarted_count=0
 full_count=0

Compilation events (20 events):
Event: 110.650 Thread 0x0000027c82c8c210 nmethod 5506 0x0000027cec992e90 code [0x0000027cec993020, 0x0000027cec9931e0]
Event: 114.126 Thread 0x0000027c82c8c210 5508       1       jdk.internal.event.ThreadSleepEvent::isEnabled (2 bytes)
Event: 114.126 Thread 0x0000027c82c8c210 nmethod 5508 0x0000027cf3c2a610 code [0x0000027cf3c2a7a0, 0x0000027cf3c2a868]
Event: 119.449 Thread 0x0000027c82c8c210 5509       3       java.util.LinkedList$DescendingIterator::<init> (32 bytes)
Event: 119.450 Thread 0x0000027c82c8c210 nmethod 5509 0x0000027cec993290 code [0x0000027cec993440, 0x0000027cec9937b8]
Event: 119.450 Thread 0x0000027c82c8c210 5510       3       java.util.LinkedList$ListItr::previous (70 bytes)
Event: 119.450 Thread 0x0000027c82c8c210 nmethod 5510 0x0000027cec993910 code [0x0000027cec993b00, 0x0000027cec994020]
Event: 124.802 Thread 0x0000027c82c895a0 5511       4       java.lang.ThreadLocal$ThreadLocalMap::getEntry (42 bytes)
Event: 124.803 Thread 0x0000027c82c895a0 nmethod 5511 0x0000027cf3c2a910 code [0x0000027cf3c2aaa0, 0x0000027cf3c2ac00]
Event: 129.878 Thread 0x0000027c82c8c210 5512       3       java.util.IdentityHashMap$IdentityHashMapIterator::hasNext (50 bytes)
Event: 129.879 Thread 0x0000027c82c8c210 nmethod 5512 0x0000027cec994210 code [0x0000027cec9943c0, 0x0000027cec994610]
Event: 137.611 Thread 0x0000027c82c8c210 5513       3       sun.nio.ch.SocketDispatcher::invalidateAndClose (46 bytes)
Event: 137.612 Thread 0x0000027c82c8c210 nmethod 5513 0x0000027cec994710 code [0x0000027cec9948e0, 0x0000027cec994d80]
Event: 139.307 Thread 0x0000027c82c8c210 5514       3       java.util.concurrent.LinkedTransferQueue$DualNode::matched (25 bytes)
Event: 139.307 Thread 0x0000027c82c8c210 nmethod 5514 0x0000027cec994f90 code [0x0000027cec995120, 0x0000027cec9952d8]
Event: 152.303 Thread 0x0000027c82c895a0 5515       4       java.util.AbstractMap::isEmpty (13 bytes)
Event: 152.332 Thread 0x0000027c82c895a0 nmethod 5515 0x0000027cf3c2ad90 code [0x0000027cf3c2af20, 0x0000027cf3c2afd8]
Event: 154.229 Thread 0x0000027c82c8c210 5516       1       java.util.concurrent.SynchronousQueue::isEmpty (2 bytes)
Event: 154.229 Thread 0x0000027c82c8c210 nmethod 5516 0x0000027cf3c2b090 code [0x0000027cf3c2b220, 0x0000027cf3c2b2e8]
Event: 168.224 Thread 0x0000027c82c8c210 5517   !   3       java.util.concurrent.ThreadPoolExecutor::tryTerminate (177 bytes)

GC Heap History (12 events):
Event: 0.844 GC heap before
{Heap before GC invocations=0 (full 0):
 garbage-first heap   total reserved 3633152K, committed 227328K, used 24576K [0x0000000722400000, 0x0000000800000000)
  region size 2048K, 12 young (24576K), 0 survivors (0K)
 Metaspace       used 5466K, committed 5632K, reserved 1114112K
  class space    used 617K, committed 704K, reserved 1048576K
}
Event: 0.848 GC heap after
{Heap after GC invocations=1 (full 0):
 garbage-first heap   total reserved 3633152K, committed 227328K, used 5632K [0x0000000722400000, 0x0000000800000000)
  region size 2048K, 2 young (4096K), 2 survivors (4096K)
 Metaspace       used 5466K, committed 5632K, reserved 1114112K
  class space    used 617K, committed 704K, reserved 1048576K
}
Event: 3.441 GC heap before
{Heap before GC invocations=1 (full 0):
 garbage-first heap   total reserved 3633152K, committed 227328K, used 42496K [0x0000000722400000, 0x0000000800000000)
  region size 2048K, 20 young (40960K), 2 survivors (4096K)
 Metaspace       used 15583K, committed 15936K, reserved 1114112K
  class space    used 1886K, committed 2048K, reserved 1048576K
}
Event: 3.449 GC heap after
{Heap after GC invocations=2 (full 0):
 garbage-first heap   total reserved 3633152K, committed 227328K, used 10945K [0x0000000722400000, 0x0000000800000000)
  region size 2048K, 3 young (6144K), 3 survivors (6144K)
 Metaspace       used 15583K, committed 15936K, reserved 1114112K
  class space    used 1886K, committed 2048K, reserved 1048576K
}
Event: 4.934 GC heap before
{Heap before GC invocations=2 (full 0):
 garbage-first heap   total reserved 3633152K, committed 227328K, used 29377K [0x0000000722400000, 0x0000000800000000)
  region size 2048K, 13 young (26624K), 3 survivors (6144K)
 Metaspace       used 21180K, committed 21504K, reserved 1114112K
  class space    used 2670K, committed 2816K, reserved 1048576K
}
Event: 4.938 GC heap after
{Heap after GC invocations=3 (full 0):
 garbage-first heap   total reserved 3633152K, committed 227328K, used 12102K [0x0000000722400000, 0x0000000800000000)
  region size 2048K, 4 young (8192K), 4 survivors (8192K)
 Metaspace       used 21180K, committed 21504K, reserved 1114112K
  class space    used 2670K, committed 2816K, reserved 1048576K
}
Event: 26.725 GC heap before
{Heap before GC invocations=4 (full 0):
 garbage-first heap   total reserved 3633152K, committed 49152K, used 46918K [0x0000000722400000, 0x0000000800000000)
  region size 2048K, 21 young (43008K), 4 survivors (8192K)
 Metaspace       used 22179K, committed 22528K, reserved 1114112K
  class space    used 2754K, committed 2880K, reserved 1048576K
}
Event: 26.729 GC heap after
{Heap after GC invocations=5 (full 0):
 garbage-first heap   total reserved 3633152K, committed 57344K, used 13442K [0x0000000722400000, 0x0000000800000000)
  region size 2048K, 4 young (8192K), 4 survivors (8192K)
 Metaspace       used 22179K, committed 22528K, reserved 1114112K
  class space    used 2754K, committed 2880K, reserved 1048576K
}
Event: 51.497 GC heap before
{Heap before GC invocations=5 (full 0):
 garbage-first heap   total reserved 3633152K, committed 57344K, used 38018K [0x0000000722400000, 0x0000000800000000)
  region size 2048K, 16 young (32768K), 4 survivors (8192K)
 Metaspace       used 22603K, committed 23040K, reserved 1114112K
  class space    used 2766K, committed 2944K, reserved 1048576K
}
Event: 51.502 GC heap after
{Heap after GC invocations=6 (full 0):
 garbage-first heap   total reserved 3633152K, committed 57344K, used 13824K [0x0000000722400000, 0x0000000800000000)
  region size 2048K, 2 young (4096K), 2 survivors (4096K)
 Metaspace       used 22603K, committed 23040K, reserved 1114112K
  class space    used 2766K, committed 2944K, reserved 1048576K
}
Event: 89.103 GC heap before
{Heap before GC invocations=6 (full 0):
 garbage-first heap   total reserved 3633152K, committed 57344K, used 40448K [0x0000000722400000, 0x0000000800000000)
  region size 2048K, 16 young (32768K), 2 survivors (4096K)
 Metaspace       used 23128K, committed 23488K, reserved 1114112K
  class space    used 2779K, committed 2944K, reserved 1048576K
}
Event: 89.104 GC heap after
{Heap after GC invocations=7 (full 0):
 garbage-first heap   total reserved 3633152K, committed 57344K, used 14196K [0x0000000722400000, 0x0000000800000000)
  region size 2048K, 2 young (4096K), 2 survivors (4096K)
 Metaspace       used 23128K, committed 23488K, reserved 1114112K
  class space    used 2779K, committed 2944K, reserved 1048576K
}

Dll operation events (12 events):
Event: 0.013 Loaded shared library C:\Program Files\Java\jdk-22\bin\java.dll
Event: 0.043 Loaded shared library C:\Program Files\Java\jdk-22\bin\jsvml.dll
Event: 0.143 Loaded shared library C:\Program Files\Java\jdk-22\bin\zip.dll
Event: 0.147 Loaded shared library C:\Program Files\Java\jdk-22\bin\instrument.dll
Event: 0.152 Loaded shared library C:\Program Files\Java\jdk-22\bin\net.dll
Event: 0.153 Loaded shared library C:\Program Files\Java\jdk-22\bin\nio.dll
Event: 0.158 Loaded shared library C:\Program Files\Java\jdk-22\bin\zip.dll
Event: 0.168 Loaded shared library C:\Program Files\JetBrains\IntelliJ IDEA Community Edition 2024.1\bin\breakgen64.dll
Event: 0.176 Loaded shared library C:\Program Files\Java\jdk-22\bin\extnet.dll
Event: 0.238 Loaded shared library C:\Program Files\Java\jdk-22\bin\verify.dll
Event: 0.359 Loaded shared library C:\Program Files\Java\jdk-22\bin\jimage.dll
Event: 3.532 Loaded shared library C:\Program Files\Java\jdk-22\bin\sunmscapi.dll

Deoptimization events (20 events):
Event: 88.980 Thread 0x0000027ce18d0300 Uncommon trap: trap_request=0xffffff45 fr.pc=0x0000027cf3c0c360 relative=0x0000000000000480
Event: 88.980 Thread 0x0000027ce18d0300 Uncommon trap: reason=unstable_if action=reinterpret pc=0x0000027cf3c0c360 method=java.lang.String.trim()Ljava/lang/String; @ 4 c2
Event: 88.980 Thread 0x0000027ce18d0300 DEOPT PACKING pc=0x0000027cf3c0c360 sp=0x000000d833efd760
Event: 88.980 Thread 0x0000027ce18d0300 DEOPT UNPACKING pc=0x0000027cf33646a2 sp=0x000000d833efd748 mode 2
Event: 88.983 Thread 0x0000027ce18d0300 Uncommon trap: trap_request=0xffffff45 fr.pc=0x0000027cf3aa4e74 relative=0x0000000000000494
Event: 88.983 Thread 0x0000027ce18d0300 Uncommon trap: reason=unstable_if action=reinterpret pc=0x0000027cf3aa4e74 method=java.lang.AbstractStringBuilder.inflateIfNeededFor(Ljava/lang/String;)V @ 14 c2
Event: 88.983 Thread 0x0000027ce18d0300 DEOPT PACKING pc=0x0000027cf3aa4e74 sp=0x000000d833efdec0
Event: 88.983 Thread 0x0000027ce18d0300 DEOPT UNPACKING pc=0x0000027cf33646a2 sp=0x000000d833efddb8 mode 2
Event: 88.983 Thread 0x0000027ce18d0300 Uncommon trap: trap_request=0xffffff45 fr.pc=0x0000027cf3a8b590 relative=0x00000000000000f0
Event: 88.983 Thread 0x0000027ce18d0300 Uncommon trap: reason=unstable_if action=reinterpret pc=0x0000027cf3a8b590 method=java.lang.String.getBytes([BIB)V @ 5 c2
Event: 88.983 Thread 0x0000027ce18d0300 DEOPT PACKING pc=0x0000027cf3a8b590 sp=0x000000d833efdde0
Event: 88.983 Thread 0x0000027ce18d0300 DEOPT UNPACKING pc=0x0000027cf33646a2 sp=0x000000d833efdda8 mode 2
Event: 88.983 Thread 0x0000027ce18d0300 Uncommon trap: trap_request=0xffffff45 fr.pc=0x0000027cf3c1013c relative=0x00000000000002dc
Event: 88.983 Thread 0x0000027ce18d0300 Uncommon trap: reason=unstable_if action=reinterpret pc=0x0000027cf3c1013c method=java.lang.String.getBytes([BIB)V @ 5 c2
Event: 88.983 Thread 0x0000027ce18d0300 DEOPT PACKING pc=0x0000027cf3c1013c sp=0x000000d833efe080
Event: 88.983 Thread 0x0000027ce18d0300 DEOPT UNPACKING pc=0x0000027cf33646a2 sp=0x000000d833efdf00 mode 2
Event: 102.391 Thread 0x0000027ce18d0300 Uncommon trap: trap_request=0xffffffbe fr.pc=0x0000027cf3be65f8 relative=0x0000000000001918
Event: 102.391 Thread 0x0000027ce18d0300 Uncommon trap: reason=profile_predicate action=maybe_recompile pc=0x0000027cf3be65f8 method=java.util.TreeMap.put(Ljava/lang/Object;Ljava/lang/Object;Z)Ljava/lang/Object; @ 27 c2
Event: 102.391 Thread 0x0000027ce18d0300 DEOPT PACKING pc=0x0000027cf3be65f8 sp=0x000000d833efd6e0
Event: 102.391 Thread 0x0000027ce18d0300 DEOPT UNPACKING pc=0x0000027cf33646a2 sp=0x000000d833efd6b0 mode 2

Classes loaded (20 events):
Event: 9.878 Loading class jdk/internal/util/ImmutableBitSetPredicate$SmallImmutableBitSetPredicate
Event: 9.878 Loading class jdk/internal/util/ImmutableBitSetPredicate$SmallImmutableBitSetPredicate done
Event: 14.193 Loading class java/nio/StringCharBuffer
Event: 14.194 Loading class java/nio/StringCharBuffer done
Event: 14.196 Loading class java/util/concurrent/RejectedExecutionException
Event: 14.197 Loading class java/util/concurrent/RejectedExecutionException done
Event: 14.197 Loading class java/util/concurrent/CompletionException
Event: 14.197 Loading class java/util/concurrent/CompletionException done
Event: 14.197 Loading class java/util/concurrent/ForkJoinTask$RunnableExecuteAction
Event: 14.197 Loading class java/util/concurrent/ForkJoinTask$InterruptibleTask
Event: 14.198 Loading class java/util/concurrent/ForkJoinTask$InterruptibleTask done
Event: 14.198 Loading class java/util/concurrent/ForkJoinTask$RunnableExecuteAction done
Event: 14.200 Loading class java/util/LinkedList$LLSpliterator
Event: 14.200 Loading class java/util/LinkedList$LLSpliterator done
Event: 43.929 Loading class sun/invoke/util/ValueConversions$1
Event: 43.930 Loading class sun/invoke/util/ValueConversions$1 done
Event: 43.930 Loading class java/lang/invoke/BoundMethodHandle$Species_LI
Event: 43.930 Loading class java/lang/invoke/BoundMethodHandle$Species_LI done
Event: 80.971 Loading class java/lang/foreign/MemorySegment
Event: 80.972 Loading class java/lang/foreign/MemorySegment done

Classes unloaded (0 events):
No events

Classes redefined (0 events):
No events

Internal exceptions (20 events):
Event: 93.438 Thread 0x0000027cc91def70 Exception <a 'java/net/ConnectException'{0x000000072ed2fc98}: Connection refused: getsockopt> (0x000000072ed2fc98) 
thrown [s\open\src\hotspot\share\prims\jni.cpp, line 539]
Event: 93.472 Thread 0x0000027cc91def70 Exception <a 'java/net/ConnectException'{0x000000072ed30c68}: Connection refused: getsockopt> (0x000000072ed30c68) 
thrown [s\open\src\hotspot\share\prims\jni.cpp, line 539]
Event: 95.774 Thread 0x0000027cc91def70 Exception <a 'java/net/ConnectException'{0x000000072ed3a220}: Connection refused: getsockopt> (0x000000072ed3a220) 
thrown [s\open\src\hotspot\share\prims\jni.cpp, line 539]
Event: 95.791 Thread 0x0000027cc91def70 Exception <a 'java/net/ConnectException'{0x000000072eabba08}: Connection refused: getsockopt> (0x000000072eabba08) 
thrown [s\open\src\hotspot\share\prims\jni.cpp, line 539]
Event: 95.823 Thread 0x0000027cc91def70 Exception <a 'java/net/ConnectException'{0x000000072eabc9d8}: Connection refused: getsockopt> (0x000000072eabc9d8) 
thrown [s\open\src\hotspot\share\prims\jni.cpp, line 539]
Event: 99.999 Thread 0x0000027cc91def70 Exception <a 'java/net/ConnectException'{0x000000072eac81f0}: Connection refused: getsockopt> (0x000000072eac81f0) 
thrown [s\open\src\hotspot\share\prims\jni.cpp, line 539]
Event: 100.013 Thread 0x0000027cc91def70 Exception <a 'java/net/ConnectException'{0x000000072eac91c0}: Connection refused: getsockopt> (0x000000072eac91c0) 
thrown [s\open\src\hotspot\share\prims\jni.cpp, line 539]
Event: 100.045 Thread 0x0000027cc91def70 Exception <a 'java/net/ConnectException'{0x000000072eaca190}: Connection refused: getsockopt> (0x000000072eaca190) 
thrown [s\open\src\hotspot\share\prims\jni.cpp, line 539]
Event: 102.543 Thread 0x0000027cc91def70 Exception <a 'java/net/ConnectException'{0x0000000724ea36d8}: Connection refused: getsockopt> (0x0000000724ea36d8) 
thrown [s\open\src\hotspot\share\prims\jni.cpp, line 539]
Event: 104.129 Thread 0x0000027cc91def70 Exception <a 'java/net/ConnectException'{0x0000000724ec49d8}: Connection refused: getsockopt> (0x0000000724ec49d8) 
thrown [s\open\src\hotspot\share\prims\jni.cpp, line 539]
Event: 104.152 Thread 0x0000027cc91def70 Exception <a 'java/net/ConnectException'{0x0000000724ec5928}: Connection refused: getsockopt> (0x0000000724ec5928) 
thrown [s\open\src\hotspot\share\prims\jni.cpp, line 539]
Event: 104.184 Thread 0x0000027cc91def70 Exception <a 'java/net/ConnectException'{0x0000000724ec6878}: Connection refused: getsockopt> (0x0000000724ec6878) 
thrown [s\open\src\hotspot\share\prims\jni.cpp, line 539]
Event: 104.229 Thread 0x0000027cc91def70 Exception <a 'java/net/ConnectException'{0x0000000724ec77c8}: Connection refused: getsockopt> (0x0000000724ec77c8) 
thrown [s\open\src\hotspot\share\prims\jni.cpp, line 539]
Event: 105.617 Thread 0x0000027cc91def70 Exception <a 'java/net/ConnectException'{0x0000000724c8d1d8}: Connection refused: getsockopt> (0x0000000724c8d1d8) 
thrown [s\open\src\hotspot\share\prims\jni.cpp, line 539]
Event: 107.403 Thread 0x0000027cc91def70 Exception <a 'java/net/ConnectException'{0x0000000724d197c8}: Connection refused: getsockopt> (0x0000000724d197c8) 
thrown [s\open\src\hotspot\share\prims\jni.cpp, line 539]
Event: 107.415 Thread 0x0000027cc91def70 Exception <a 'java/net/ConnectException'{0x0000000724d1a718}: Connection refused: getsockopt> (0x0000000724d1a718) 
thrown [s\open\src\hotspot\share\prims\jni.cpp, line 539]
Event: 107.445 Thread 0x0000027cc91def70 Exception <a 'java/net/ConnectException'{0x0000000724d1b668}: Connection refused: getsockopt> (0x0000000724d1b668) 
thrown [s\open\src\hotspot\share\prims\jni.cpp, line 539]
Event: 109.827 Thread 0x0000027cc91def70 Exception <a 'java/net/ConnectException'{0x0000000724d24b20}: Connection refused: getsockopt> (0x0000000724d24b20) 
thrown [s\open\src\hotspot\share\prims\jni.cpp, line 539]
Event: 109.848 Thread 0x0000027cc91def70 Exception <a 'java/net/ConnectException'{0x0000000724abd548}: Connection refused: getsockopt> (0x0000000724abd548) 
thrown [s\open\src\hotspot\share\prims\jni.cpp, line 539]
Event: 109.880 Thread 0x0000027cc91def70 Exception <a 'java/net/ConnectException'{0x0000000724abe518}: Connection refused: getsockopt> (0x0000000724abe518) 
thrown [s\open\src\hotspot\share\prims\jni.cpp, line 539]

ZGC Phase Switch (0 events):
No events

VM Operations (20 events):
Event: 103.193 Executing VM operation: Cleanup
Event: 103.193 Executing VM operation: Cleanup done
Event: 104.197 Executing VM operation: Cleanup
Event: 104.198 Executing VM operation: Cleanup done
Event: 106.214 Executing VM operation: Cleanup
Event: 106.214 Executing VM operation: Cleanup done
Event: 108.238 Executing VM operation: Cleanup
Event: 108.238 Executing VM operation: Cleanup done
Event: 110.250 Executing VM operation: Cleanup
Event: 110.250 Executing VM operation: Cleanup done
Event: 111.262 Executing VM operation: Cleanup
Event: 111.262 Executing VM operation: Cleanup done
Event: 120.141 Executing VM operation: HandshakeAllThreads (HandshakeForDeflation)
Event: 120.141 Executing VM operation: HandshakeAllThreads (HandshakeForDeflation) done
Event: 120.141 Executing VM operation: RendezvousGCThreads
Event: 120.141 Executing VM operation: RendezvousGCThreads done
Event: 153.467 Executing VM operation: Cleanup
Event: 153.471 Executing VM operation: Cleanup done
Event: 154.475 Executing VM operation: Cleanup
Event: 154.476 Executing VM operation: Cleanup done

Events (20 events):
Event: 143.719 Thread 0x0000027cc80675f0 Thread exited: 0x0000027cc80675f0
Event: 143.719 Thread 0x0000027cc9743fe0 Thread exited: 0x0000027cc9743fe0
Event: 154.229 Thread 0x0000027cc81e5580 Thread exited: 0x0000027cc81e5580
Event: 154.233 Thread 0x0000027cc98700a0 Thread exited: 0x0000027cc98700a0
Event: 154.233 Thread 0x0000027cc81eb160 Thread exited: 0x0000027cc81eb160
Event: 154.240 Thread 0x0000027cc81e4860 Thread exited: 0x0000027cc81e4860
Event: 154.258 Thread 0x0000027cc986d2b0 Thread exited: 0x0000027cc986d2b0
Event: 154.260 Thread 0x0000027cc81e3b40 Thread exited: 0x0000027cc81e3b40
Event: 156.531 Thread 0x0000027cc9a68f00 Thread exited: 0x0000027cc9a68f00
Event: 156.531 Thread 0x0000027cc9a69590 Thread exited: 0x0000027cc9a69590
Event: 156.532 Thread 0x0000027cc9a6afd0 Thread exited: 0x0000027cc9a6afd0
Event: 158.351 Thread 0x0000027cc8065bb0 Thread exited: 0x0000027cc8065bb0
Event: 158.412 Thread 0x0000027cc9873520 Thread exited: 0x0000027cc9873520
Event: 158.413 Thread 0x0000027cc986dfd0 Thread exited: 0x0000027cc986dfd0
Event: 168.224 Thread 0x0000027cc97b18e0 Thread exited: 0x0000027cc97b18e0
Event: 168.224 Thread 0x0000027cc97b2c90 Thread exited: 0x0000027cc97b2c90
Event: 168.224 Thread 0x0000027cc8063ae0 Thread exited: 0x0000027cc8063ae0
Event: 168.224 Thread 0x0000027cc9748ea0 Thread exited: 0x0000027cc9748ea0
Event: 168.249 Thread 0x0000027cc9bc64d0 Thread exited: 0x0000027cc9bc64d0
Event: 168.249 Thread 0x0000027cc97b4d60 Thread exited: 0x0000027cc97b4d60


Dynamic libraries:
0x00007ff661a20000 - 0x00007ff661a30000 	C:\Program Files\Java\jdk-22\bin\java.exe
0x00007fff9f870000 - 0x00007fff9fa87000 	C:\WINDOWS\SYSTEM32\ntdll.dll
0x00007fff9e390000 - 0x00007fff9e454000 	C:\WINDOWS\System32\KERNEL32.DLL
0x00007fff9cf40000 - 0x00007fff9d2e7000 	C:\WINDOWS\System32\KERNELBASE.dll
0x00007fff9d2f0000 - 0x00007fff9d401000 	C:\WINDOWS\System32\ucrtbase.dll
0x00007fff97a50000 - 0x00007fff97a67000 	C:\Program Files\Java\jdk-22\bin\jli.dll
0x00007fff97a00000 - 0x00007fff97a1b000 	C:\Program Files\Java\jdk-22\bin\VCRUNTIME140.dll
0x00007fff9e280000 - 0x00007fff9e332000 	C:\WINDOWS\System32\ADVAPI32.dll
0x00007fff9e060000 - 0x00007fff9e107000 	C:\WINDOWS\System32\msvcrt.dll
0x00007fff9e6a0000 - 0x00007fff9e748000 	C:\WINDOWS\System32\sechost.dll
0x00007fff9d570000 - 0x00007fff9d598000 	C:\WINDOWS\System32\bcrypt.dll
0x00007fff9df40000 - 0x00007fff9e055000 	C:\WINDOWS\System32\RPCRT4.dll
0x00007fff9e790000 - 0x00007fff9e93e000 	C:\WINDOWS\System32\USER32.dll
0x00007fff9cda0000 - 0x00007fff9cdc6000 	C:\WINDOWS\System32\win32u.dll
0x00007fff82360000 - 0x00007fff825f3000 	C:\WINDOWS\WinSxS\amd64_microsoft.windows.common-controls_6595b64144ccf1df_6.0.22621.3527_none_270e469b73872a76\COMCTL32.dll
0x00007fff9e760000 - 0x00007fff9e789000 	C:\WINDOWS\System32\GDI32.dll
0x00007fff9cc00000 - 0x00007fff9cd19000 	C:\WINDOWS\System32\gdi32full.dll
0x00007fff9d4d0000 - 0x00007fff9d56a000 	C:\WINDOWS\System32\msvcp_win.dll
0x00007fff90c40000 - 0x00007fff90c4a000 	C:\WINDOWS\SYSTEM32\VERSION.dll
0x00007fff9e130000 - 0x00007fff9e161000 	C:\WINDOWS\System32\IMM32.DLL
0x00007fff97b40000 - 0x00007fff97b4c000 	C:\Program Files\Java\jdk-22\bin\vcruntime140_1.dll
0x00007fff8a180000 - 0x00007fff8a20e000 	C:\Program Files\Java\jdk-22\bin\msvcp140.dll
0x00007fff50840000 - 0x00007fff51588000 	C:\Program Files\Java\jdk-22\bin\server\jvm.dll
0x00007fff9e180000 - 0x00007fff9e1f1000 	C:\WINDOWS\System32\WS2_32.dll
0x00007fff9b9d0000 - 0x00007fff9ba1d000 	C:\WINDOWS\SYSTEM32\POWRPROF.dll
0x00007fff93dd0000 - 0x00007fff93e04000 	C:\WINDOWS\SYSTEM32\WINMM.dll
0x00007fff9b9b0000 - 0x00007fff9b9c3000 	C:\WINDOWS\SYSTEM32\UMPDC.dll
0x00007fff9bc60000 - 0x00007fff9bc78000 	C:\WINDOWS\SYSTEM32\kernel.appcore.dll
0x00007fff94d30000 - 0x00007fff94d3a000 	C:\Program Files\Java\jdk-22\bin\jimage.dll
0x00007fff9a290000 - 0x00007fff9a4c3000 	C:\WINDOWS\SYSTEM32\DBGHELP.DLL
0x00007fff9dbb0000 - 0x00007fff9df38000 	C:\WINDOWS\System32\combase.dll
0x00007fff9e5c0000 - 0x00007fff9e697000 	C:\WINDOWS\System32\OLEAUT32.dll
0x00007fff817d0000 - 0x00007fff81802000 	C:\WINDOWS\SYSTEM32\dbgcore.DLL
0x00007fff9cd20000 - 0x00007fff9cd99000 	C:\WINDOWS\System32\bcryptPrimitives.dll
0x00007fff93e60000 - 0x00007fff93e6f000 	C:\Program Files\Java\jdk-22\bin\instrument.dll
0x00007fff8cd30000 - 0x00007fff8cd4e000 	C:\Program Files\Java\jdk-22\bin\java.dll
0x00007fff9eeb0000 - 0x00007fff9f70c000 	C:\WINDOWS\System32\SHELL32.dll
0x00007fff9ed00000 - 0x00007fff9eea5000 	C:\WINDOWS\System32\ole32.dll
0x00007fff9aa80000 - 0x00007fff9b376000 	C:\WINDOWS\SYSTEM32\windows.storage.dll
0x00007fff9a940000 - 0x00007fff9aa7e000 	C:\WINDOWS\SYSTEM32\wintypes.dll
0x00007fff9d630000 - 0x00007fff9d725000 	C:\WINDOWS\System32\SHCORE.dll
0x00007fff9e220000 - 0x00007fff9e27e000 	C:\WINDOWS\System32\shlwapi.dll
0x00007fff9cac0000 - 0x00007fff9cae1000 	C:\WINDOWS\SYSTEM32\profapi.dll
0x00007fff86350000 - 0x00007fff86427000 	C:\Program Files\Java\jdk-22\bin\jsvml.dll
0x00007fff86660000 - 0x00007fff86677000 	C:\Program Files\Java\jdk-22\bin\zip.dll
0x00007fff94a30000 - 0x00007fff94a40000 	C:\Program Files\Java\jdk-22\bin\net.dll
0x00007fff9c0d0000 - 0x00007fff9c139000 	C:\WINDOWS\system32\mswsock.dll
0x00007fff8b640000 - 0x00007fff8b656000 	C:\Program Files\Java\jdk-22\bin\nio.dll
0x00007fff86640000 - 0x00007fff8665a000 	C:\Program Files\JetBrains\IntelliJ IDEA Community Edition 2024.1\bin\breakgen64.dll
0x00007fff8b850000 - 0x00007fff8b859000 	C:\Program Files\Java\jdk-22\bin\extnet.dll
0x00007fff8b230000 - 0x00007fff8b240000 	C:\Program Files\Java\jdk-22\bin\verify.dll
0x00007fff9c300000 - 0x00007fff9c31b000 	C:\WINDOWS\SYSTEM32\CRYPTSP.dll
0x00007fff9bbc0000 - 0x00007fff9bbf5000 	C:\WINDOWS\system32\rsaenh.dll
0x00007fff9c190000 - 0x00007fff9c1b8000 	C:\WINDOWS\SYSTEM32\USERENV.dll
0x00007fff9c2f0000 - 0x00007fff9c2fc000 	C:\WINDOWS\SYSTEM32\CRYPTBASE.dll
0x00007fff9b650000 - 0x00007fff9b67d000 	C:\WINDOWS\SYSTEM32\IPHLPAPI.DLL
0x00007fff9e170000 - 0x00007fff9e179000 	C:\WINDOWS\System32\NSI.dll
0x00007fff9b680000 - 0x00007fff9b779000 	C:\WINDOWS\SYSTEM32\DNSAPI.dll
0x00007fff95ee0000 - 0x00007fff95eea000 	C:\Windows\System32\rasadhlp.dll
0x00007fff92fd0000 - 0x00007fff93053000 	C:\WINDOWS\System32\fwpuclnt.dll
0x00007fff999c0000 - 0x00007fff99a57000 	C:\WINDOWS\system32\apphelp.dll
0x00007fff90b70000 - 0x00007fff90b7e000 	C:\Program Files\Java\jdk-22\bin\sunmscapi.dll
0x00007fff9cdd0000 - 0x00007fff9cf37000 	C:\WINDOWS\System32\CRYPT32.dll
0x00007fff9c510000 - 0x00007fff9c53e000 	C:\WINDOWS\SYSTEM32\ncrypt.dll
0x00007fff9c4d0000 - 0x00007fff9c507000 	C:\WINDOWS\SYSTEM32\NTASN1.dll
0x00007fff94ce0000 - 0x00007fff94ce8000 	C:\WINDOWS\system32\wshunix.dll

dbghelp: loaded successfully - version: 4.0.5 - missing functions: none
symbol engine: initialized successfully - sym options: 0x614 - pdb path: .;C:\Program Files\Java\jdk-22\bin;C:\WINDOWS\SYSTEM32;C:\WINDOWS\WinSxS\amd64_microsoft.windows.common-controls_6595b64144ccf1df_6.0.22621.3527_none_270e469b73872a76;C:\Program Files\Java\jdk-22\bin\server;C:\Program Files\JetBrains\IntelliJ IDEA Community Edition 2024.1\bin

VM Arguments:
jvm_args: -ea -DnodeNamesHandler=org.jetbrains.plugins.cucumber.java.run.CucumberTestTreeNodeManager -Didea.test.cyclic.buffer.size=1048576 -javaagent:C:\Program Files\JetBrains\IntelliJ IDEA Community Edition 2024.1\lib\idea_rt.jar=51452:C:\Program Files\JetBrains\IntelliJ IDEA Community Edition 2024.1\bin -Dfile.encoding=UTF-8 -Dsun.stdout.encoding=UTF-8 -Dsun.stderr.encoding=UTF-8 
java_command: com.intellij.rt.junit.JUnitStarter -ideVersion5 -junit4 com.example.demo.RunCucumberTest
java_class_path (initial): C:\Program Files\JetBrains\IntelliJ IDEA Community Edition 2024.1\lib\idea_rt.jar;C:\Program Files\JetBrains\IntelliJ IDEA Community Edition 2024.1\plugins\junit\lib\junit5-rt.jar;C:\Program Files\JetBrains\IntelliJ IDEA Community Edition 2024.1\plugins\junit\lib\junit-rt.jar;C:\Users\pirre\iths\demoavrf\demo\target\test-classes;C:\Users\pirre\iths\demoavrf\demo\target\classes;C:\Users\pirre\.m2\repository\org\springframework\boot\spring-boot-starter\3.2.5\spring-boot-starter-3.2.5.jar;C:\Users\pirre\.m2\repository\org\springframework\boot\spring-boot\3.2.5\spring-boot-3.2.5.jar;C:\Users\pirre\.m2\repository\org\springframework\spring-context\6.1.6\spring-context-6.1.6.jar;C:\Users\pirre\.m2\repository\org\springframework\spring-aop\6.1.6\spring-aop-6.1.6.jar;C:\Users\pirre\.m2\repository\org\springframework\spring-beans\6.1.6\spring-beans-6.1.6.jar;C:\Users\pirre\.m2\repository\org\springframework\spring-expression\6.1.6\spring-expression-6.1.6.jar;C:\Users\pirre\.m2\repository\io\micrometer\micrometer-observation\1.12.5\micrometer-observation-1.12.5.jar;C:\Users\pirre\.m2\repository\io\micrometer\micrometer-commons\1.12.5\micrometer-commons-1.12.5.jar;C:\Users\pirre\.m2\repository\org\springframework\boot\spring-boot-autoconfigure\3.2.5\spring-boot-autoconfigure-3.2.5.jar;C:\Users\pirre\.m2\repository\org\springframework\boot\spring-boot-starter-logging\3.2.5\spring-boot-starter-logging-3.2.5.jar;C:\Users\pirre\.m2\repository\ch\qos\logback\logback-classic\1.4.14\logback-classic-1.4.14.jar;C:\Users\pirre\.m2\repository\ch\qos\logback\logback-core\1.4.14\logback-core-1.4.14.jar;C:\Users\pirre\.m2\repository\org\apache\logging\log4j\log4j-to-slf4j\2.21.1\log4j-to-slf4j-2.21.1.jar;C:\Users\pirre\.m2\repository\org\apache\logging\log4j\log4j-api\2.21.1\log4j-api-2.21.1.jar;C:\Users\pirre\.m2\repository\org\slf4j\jul-to-slf4j\2.0.13\jul-to-slf4j-2.0.13.jar;C:\Users\pirre\.m2\repository\jakarta\annotation\jakarta.annotation-api\2.1.1\jakarta.annotation-api-2.1.1.jar;C:\Users\pirre\.m2\repository\org\springframework\spring-core\6.1.6\spring-core-6.1.6.jar;C:\Users\pirre\.m2\repository\org\springframework\spring-jcl\6.1.6\spring-jcl-6.1.6.jar;C:\Users\pirre\.m2\repository\org\yaml\snakeyaml\2.2\snakeyaml-2.2.jar;C:\Users\pirre\.m2\repository\org\springframework\boot\spring-boot-starter-test\3.2.5\spring-boot-starter-test-3.2.5.jar;C:\Users\pirre\.m2\repository\org\springframework\boot\spring-boot-test\3.2.5\spring-boot-test-3.2.5.jar;C:\Users\pirre\.m2\repository\org\springframework\boot\spring-boot-test-autoconfigure\3.2.5\spring-boot-test-autoconfigure-3.2.5.jar;C:\Users\pirre\.m2\repository\com\jayway\jsonpath\json-path\2.9.0\json-path-2.9.0.jar;C:\Users\pirre\.m2\repository\org\slf4j\slf4j-api\2.0.13\slf4j-api-2.0.13.jar;C:\Users\pirre\.m2\repository\jakarta\xml\bind\jakarta.xml.bind-api\4.0.2\jakarta.xml.bind-api-4.0.2.jar;C:\Users\pirre\.m2\repository\jakarta\activation\jakarta.activation-api\2.1.3\jakarta.activation-api-2.1.3.jar;C:\Users\pirre\.m2\repository\net\minidev\json-smart\2.5.1\json-smart-2.5.1.jar;C:\Users\pirre\.m2\repository\net\minidev\accessors-smart\2.5.1\accessors-smart-2.5.1.jar;C:\Users\pirre\.m2\repository\org\ow2\asm\asm\9.6\asm-9.6.jar;C:\Users\pirre\.m2\repository\org\assertj\assertj-core\3.24.2\assertj-core-3.24.2.jar;C:\Users\pirre\.m2\repository\net\bytebuddy\byte-buddy\1.14.13\byte-buddy-1.14.13.jar;C:\Users\pirre\.m2\repository\org\awaitility\awaitility\4.2.1\awaitility-4.2.1.jar;C:\Users\pirre\.m2\repository\org\hamcrest\hamcrest\2.2\hamcrest-2.2.jar;C:\Users\pirre\.m2\repository\org\junit\jupiter\junit-jupiter\5.10.2\junit-jupiter-5.10.2.jar;C:\Users\pirre\.m2\repository\org\junit\jupiter\junit-jupiter-api\5.10.2\junit-jupiter-api-5.10.2.jar;C:\Users\pirre\.m2\repository\org\junit\jupiter\junit-jupiter-params\5.10.2\junit-jupiter-params-5.10.2.jar;C:\Users\pirre\.m2\repository\org\junit\jupiter\junit-jupiter-engine\5.10.2\junit-jupiter-engine-5.10.2.jar;C:\Users\pirre\.m2\repository\org\mockito\mockito-core\5.7.0\mockito-core-5.7.0.jar;C:\Users\pirre\.m2\repository\net\bytebuddy\byte-buddy-agent\1.14.13\byte-buddy-agent-1.14.13.jar;C:\Users\pirre\.m2\repository\org\objenesis\objenesis\3.3\objenesis-3.3.jar;C:\Users\pirre\.m2\repository\org\mockito\mockito-junit-jupiter\5.7.0\mockito-junit-jupiter-5.7.0.jar;C:\Users\pirre\.m2\repository\org\skyscreamer\jsonassert\1.5.1\jsonassert-1.5.1.jar;C:\Users\pirre\.m2\repository\com\vaadin\external\google\android-json\0.0.20131108.vaadin1\android-json-0.0.20131108.vaadin1.jar;C:\Users\pirre\.m2\repository\org\springframework\spring-test\6.1.6\spring-test-6.1.6.jar;C:\Users\pirre\.m2\repository\org\xmlunit\xmlunit-core\2.9.1\xmlunit-core-2.9.1.jar;C:\Users\pirre\.m2\repository\org\seleniumhq\selenium\selenium-java\4.20.0\selenium-java-4.20.0.jar;C:\Users\pirre\.m2\repository\org\seleniumhq\selenium\selenium-api\4.14.1\selenium-api-4.14.1.jar;C:\Users\pirre\.m2\repository\org\seleniumhq\selenium\selenium-chrome-driver\4.14.1\selenium-chrome-driver-4.14.1.jar;C:\Users\pirre\.m2\repository\com\google\auto\service\auto-service-annotations\1.1.1\auto-service-annotations-1.1.1.jar;C:\Users\pirre\.m2\repository\com\google\guava\guava\32.1.2-jre\guava-32.1.2-jre.jar;C:\Users\pirre\.m2\repository\com\google\guava\failureaccess\1.0.1\failureaccess-1.0.1.jar;C:\Users\pirre\.m2\repository\com\google\guava\listenablefuture\9999.0-empty-to-avoid-conflict-with-guava\listenablefuture-9999.0-empty-to-avoid-conflict-with-guava.jar;C:\Users\pirre\.m2\repository\com\google\code\findbugs\jsr305\3.0.2\jsr305-3.0.2.jar;C:\Users\pirre\.m2\repository\org\checkerframework\checker-qual\3.33.0\checker-qual-3.33.0.jar;C:\Users\pirre\.m2\repository\com\google\errorprone\error_prone_annotations\2.18.0\error_prone_annotations-2.18.0.jar;C:\Users\pirre\.m2\repository\com\google\j2objc\j2objc-annotations\2.8\j2objc-annotations-2.8.jar;C:\Users\pirre\.m2\repository\org\seleniumhq\selenium\selenium-chromium-driver\4.14.1\selenium-chromium-driver-4.14.1.jar;C:\Users\pirre\.m2\repository\org\seleniumhq\selenium\selenium-json\4.14.1\selenium-json-4.14.1.jar;C:\Users\pirre\.m2\repository\org\seleniumhq\selenium\selenium-manager\4.14.1\selenium-manager-4.14.1.jar;C:\Users\pirre\.m2\repository\org\seleniumhq\selenium\selenium-devtools-v122\4.20.0\selenium-devtools-v122-4.20.0.jar;C:\Users\pirre\.m2\repository\org\seleniumhq\selenium\selenium-devtools-v123\4.20.0\selenium-devtools-v123-4.20.0.jar;C:\Users\pirre\.m2\repository\org\seleniumhq\selenium\selenium-devtools-v124\4.20.0\selenium-devtools-v124-4.20.0.jar;C:\Users\pirre\.m2\repository\org\seleniumhq\selenium\selenium-devtools-v85\4.14.1\selenium-devtools-v85-4.14.1.jar;C:\Users\pirre\.m2\repository\org\seleniumhq\selenium\selenium-edge-driver\4.14.1\selenium-edge-driver-4.14.1.jar;C:\Users\pirre\.m2\repository\org\seleniumhq\selenium\selenium-firefox-driver\4.14.1\selenium-firefox-driver-4.14.1.jar;C:\Users\pirre\.m2\repository\org\seleniumhq\selenium\selenium-http\4.14.1\selenium-http-4.14.1.jar;C:\Users\pirre\.m2\repository\dev\failsafe\failsafe\3.3.2\failsafe-3.3.2.jar;C:\Users\pirre\.m2\repository\org\seleniumhq\selenium\selenium-ie-driver\4.14.1\selenium-ie-driver-4.14.1.jar;C:\Users\pirre\.m2\repository\org\seleniumhq\selenium\selenium-remote-driver\4.14.1\selenium-remote-driver-4.14.1.jar;C:\Users\pirre\.m2\repository\io\opentelemetry\opentelemetry-api\1.31.0\opentelemetry-api-1.31.0.jar;C:\Users\pirre\.m2\repository\io\opentelemetry\opentelemetry-context\1.31.0\opentelemetry-context-1.31.0.jar;C:\Users\pirre\.m2\repository\io\opentelemetry\opentelemetry-exporter-logging\1.31.0\opentelemetry-exporter-logging-1.31.0.jar;C:\Users\pirre\.m2\repository\io\opentelemetry\opentelemetry-sdk-common\1.31.0\opentelemetry-sdk-common-1.31.0.jar;C:\Users\pirre\.m2\repository\io\opentelemetry\opentelemetry-sdk-extension-autoconfigure-spi\1.31.0\opentelemetry-sdk-extension-autoconfigure-spi-1.31.0.jar;C:\Users\pirre\.m2\repository\io\opentelemetry\opentelemetry-sdk-extension-autoconfigure\1.31.0\opentelemetry-sdk-extension-autoconfigure-1.31.0.jar;C:\Users\pirre\.m2\repository\io\opentelemetry\opentelemetry-api-events\1.31.0-alpha\opentelemetry-api-events-1.31.0-alpha.jar;C:\Users\pirre\.m2\repository\io\opentelemetry\opentelemetry-sdk-trace\1.31.0\opentelemetry-sdk-trace-1.31.0.jar;C:\Users\pirre\.m2\repository\io\opentelemetry\opentelemetry-sdk\1.31.0\opentelemetry-sdk-1.31.0.jar;C:\Users\pirre\.m2\repository\io\opentelemetry\opentelemetry-sdk-metrics\1.31.0\opentelemetry-sdk-metrics-1.31.0.jar;C:\Users\pirre\.m2\repository\io\opentelemetry\opentelemetry-extension-incubator\1.31.0-alpha\opentelemetry-extension-incubator-1.31.0-alpha.jar;C:\Users\pirre\.m2\repository\io\opentelemetry\opentelemetry-sdk-logs\1.31.0\opentelemetry-sdk-logs-1.31.0.jar;C:\Users\pirre\.m2\repository\io\opentelemetry\opentelemetry-semconv\1.28.0-alpha\opentelemetry-semconv-1.28.0-alpha.jar;C:\Users\pirre\.m2\repository\org\seleniumhq\selenium\selenium-os\4.14.1\selenium-os-4.14.1.jar;C:\Users\pirre\.m2\repository\org\apache\commons\commons-exec\1.3\commons-exec-1.3.jar;C:\Users\pirre\.m2\repository\org\seleniumhq\selenium\selenium-safari-driver\4.14.1\selenium-safari-driver-4.14.1.jar;C:\Users\pirre\.m2\repository\org\seleniumhq\selenium\selenium-support\4.14.1\selenium-support-4.14.1.jar;C:\Users\pirre\.m2\repository\io\cucumber\cucumber-java\7.17.0\cucumber-java-7.17.0.jar;C:\Users\pirre\.m2\repository\io\cucumber\cucumber-core\7.17.0\cucumber-core-7.17.0.jar;C:\Users\pirre\.m2\repository\io\cucumber\cucumber-gherkin\7.17.0\cucumber-gherkin-7.17.0.jar;C:\Users\pirre\.m2\repository\io\cucumber\cucumber-gherkin-messages\7.17.0\cucumber-gherkin-messages-7.17.0.jar;C:\Users\pirre\.m2\repository\io\cucumber\gherkin\28.0.0\gherkin-28.0.0.jar;C:\Users\pirre\.m2\repository\io\cucumber\messages\24.1.0\messages-24.1.0.jar;C:\Users\pirre\.m2\repository\io\cucumber\testng-xml-formatter\0.1.0\testng-xml-formatter-0.1.0.jar;C:\Users\pirre\.m2\repository\io\cucumber\query\12.1.2\query-12.1.2.jar;C:\Users\pirre\.m2\repository\io\cucumber\tag-expressions\6.1.0\tag-expressions-6.1.0.jar;C:\Users\pirre\.m2\repository\io\cucumber\cucumber-expressions\17.1.0\cucumber-expressions-17.1.0.jar;C:\Users\pirre\.m2\repository\io\cucumber\datatable\7.17.0\datatable-7.17.0.jar;C:\Users\pirre\.m2\repository\io\cucumber\cucumber-plugin\7.17.0\cucumber-plugin-7.17.0.jar;C:\Users\pirre\.m2\repository\io\cucumber\docstring\7.17.0\docstring-7.17.0.jar;C:\Users\pirre\.m2\repository\io\cucumber\html-formatter\21.3.1\html-formatter-21.3.1.jar;C:\Users\pirre\.m2\repository\io\cucumber\junit-xml-formatter\0.4.0\junit-xml-formatter-0.4.0.jar;C:\Users\pirre\.m2\repository\io\cucumber\ci-environment\10.0.1\ci-environment-10.0.1.jar;C:\Users\pirre\.m2\repository\org\apiguardian\apiguardian-api\1.1.2\apiguardian-api-1.1.2.jar;C:\Users\pirre\.m2\repository\io\cucumber\cucumber-junit\7.17.0\cucumber-junit-7.17.0.jar;C:\Users\pirre\.m2\repository\junit\junit\4.13.2\junit-4.13.2.jar;C:\Users\pirre\.m2\repository\org\hamcrest\hamcrest-core\2.2\hamcrest-core-2.2.jar;C:\Users\pirre\.m2\repository\io\cucumber\cucumber-junit-platform-engine\7.17.0\cucumber-junit-platform-engine-7.17.0.jar;C:\Users\pirre\.m2\repository\org\junit\platform\junit-platform-engine\1.10.2\junit-platform-engine-1.10.2.jar;C:\Users\pirre\.m2\repository\org\opentest4j\opentest4j\1.3.0\opentest4j-1.3.0.jar;C:\Users\pirre\.m2\repository\org\junit\platform\junit-platform-commons\1.10.2\junit-platform-commons-1.10.2.jar;C:\Users\pirre\AppData\Roaming\JetBrains\IdeaIC2024.1\plugins\cucumber-java\lib\cucumber-jvmFormatter.jar
Launcher Type: SUN_STANDARD

[Global flags]
     intx CICompilerCount                          = 12                                        {product} {ergonomic}
     uint ConcGCThreads                            = 3                                         {product} {ergonomic}
     uint G1ConcRefinementThreads                  = 13                                        {product} {ergonomic}
   size_t G1HeapRegionSize                         = 2097152                                   {product} {ergonomic}
   size_t InitialHeapSize                          = 232783872                                 {product} {ergonomic}
   size_t MarkStackSize                            = 4194304                                   {product} {ergonomic}
   size_t MaxHeapSize                              = 3720347648                                {product} {ergonomic}
   size_t MaxNewSize                               = 2231369728                                {product} {ergonomic}
   size_t MinHeapDeltaBytes                        = 2097152                                   {product} {ergonomic}
   size_t MinHeapSize                              = 8388608                                   {product} {ergonomic}
    uintx NonNMethodCodeHeapSize                   = 7602480                                {pd product} {ergonomic}
    uintx NonProfiledCodeHeapSize                  = 122027880                              {pd product} {ergonomic}
    uintx ProfiledCodeHeapSize                     = 122027880                              {pd product} {ergonomic}
    uintx ReservedCodeCacheSize                    = 251658240                              {pd product} {ergonomic}
     bool SegmentedCodeCache                       = true                                      {product} {ergonomic}
   size_t SoftMaxHeapSize                          = 3720347648                             {manageable} {ergonomic}
     bool UseCompressedOops                        = true                           {product lp64_product} {ergonomic}
     bool UseG1GC                                  = true                                      {product} {ergonomic}
     bool UseLargePagesIndividualAllocation        = false                                  {pd product} {ergonomic}

Logging:
Log output configuration:
 #0: stdout all=warning uptime,level,tags foldmultilines=false
 #1: stderr all=off uptime,level,tags foldmultilines=false

Environment Variables:
PATH=C:\Program Files\Common Files\Oracle\Java\javapath;C:\WINDOWS\system32;C:\WINDOWS;C:\WINDOWS\System32\Wbem;C:\WINDOWS\System32\WindowsPowerShell\v1.0\;C:\WINDOWS\System32\OpenSSH\;C:\ProgramData\chocolatey\bin;C:\Users\pirre\AppData\Local\Programs\Python\Python312\;C:\Users\pirre\AppData\Local\Programs\Python\Python312\Scripts\;C:\Program Files\Git\cmd;C:\Program Files\Microsoft SQL Server\150\Tools\Binn\;C:\Program Files\nodejs\;C:\Strawberry\c\bin;C:\Strawberry\perl\site\bin;C:\Strawberry\perl\bin;C:\sqlite;C:\Program Files\nodejs;C:\Users\pirre\AppData\Roaming\npm;C:\Users\pirre\AppData\Local\Programs\Microsoft VS Code Insiders\bin;C:\Program Files\apache-maven-3.9.6\bin;C:\WebDriver\bin;C:\chrome-win64;C:\Program Files\geckodriver.exe;C:\chromedriver-win64\chromedriver.exe;C:\Users\pirre\.console-ninja\.bin;C:\Users\pirre\AppData\Local\Microsoft\WindowsApps;C:\Program Files\heroku\bin;C:\Users\pirre\AppData\Local\Programs\Microsoft VS Code Insiders\bin;C:\Users\pirre\AppData\Local\GitHubDesktop\bin;C:\Program Files\WindowsApps\PythonSoftwareFoundation.Python.3.9_3.9.3568.0_x64__qbz5n2kfra8p0\python3.9.exe;C:\Users\pirre\AppData\Roaming\Microsoft\Windows\Start Menu\Programs\Visual Studio Code - Insiders;C:\Users\pirre\AppData\Roaming\npm;C:\Program Files\PostgreSQL\16\bin;C:\Users\pirre\AppData\Local\Packages\PythonSoftwareFoundation.Python.3.12_qbz5n2kfra8p0\LocalCache\local-packages\Python312\Scripts;C:\Users\pirre\AppData\Local\Packages\PythonSoftwareFoundation.Python.3.9_qbz5n2kfra8p0\LocalCache\local-packages\Python39\Scripts;C:\Users\pirre\AppData\Local\Packages\PythonSoftwareFoundation.Python.3.9_qbz5n2kfra8p0\LocalCache\local-packages\Python39\Scripts;C:\Program Files\nodejs;;C:\Program Files\JetBrains\IntelliJ IDEA 2024.1\bin;;C:\Program Files\JetBrains\IntelliJ IDEA Community Edition 2024.1\bin;
USERNAME=pirre
OS=Windows_NT
PROCESSOR_IDENTIFIER=AMD64 Family 25 Model 80 Stepping 0, AuthenticAMD
TMP=C:\Users\pirre\AppData\Local\Temp
TEMP=C:\Users\pirre\AppData\Local\Temp




Periodic native trim disabled

---------------  S Y S T E M  ---------------

OS:
 Windows 11 , 64 bit Build 22621 (10.0.22621.3527)
OS uptime: 7 days 7:07 hours
Hyper-V role detected

CPU: total 16 (initial active 16) (16 cores per cpu, 2 threads per core) family 25 model 80 stepping 0 microcode 0x0, cx8, cmov, fxsr, ht, mmx, 3dnowpref, sse, sse2, sse3, ssse3, sse4a, sse4.1, sse4.2, popcnt, lzcnt, tsc, tscinvbit, avx, avx2, aes, erms, clmul, bmi1, bmi2, adx, sha, fma, vzeroupper, clflush, clflushopt, hv, rdtscp, rdpid, fsrm, f16c, cet_ss
Processor Information for processor 0
  Max Mhz: 1901, Current Mhz: 1819, Mhz Limit: 1901
Processor Information for processor 1
  Max Mhz: 1901, Current Mhz: 1819, Mhz Limit: 1901
Processor Information for processor 2
  Max Mhz: 1901, Current Mhz: 1901, Mhz Limit: 1901
Processor Information for processor 3
  Max Mhz: 1901, Current Mhz: 1901, Mhz Limit: 1901
Processor Information for processor 4
  Max Mhz: 1901, Current Mhz: 1819, Mhz Limit: 1901
Processor Information for processor 5
  Max Mhz: 1901, Current Mhz: 1901, Mhz Limit: 1901
Processor Information for processor 6
  Max Mhz: 1901, Current Mhz: 1819, Mhz Limit: 1901
Processor Information for processor 7
  Max Mhz: 1901, Current Mhz: 1901, Mhz Limit: 1901
Processor Information for processor 8
  Max Mhz: 1901, Current Mhz: 1901, Mhz Limit: 1901
Processor Information for processor 9
  Max Mhz: 1901, Current Mhz: 1819, Mhz Limit: 1901
Processor Information for processor 10
  Max Mhz: 1901, Current Mhz: 1901, Mhz Limit: 1901
Processor Information for processor 11
  Max Mhz: 1901, Current Mhz: 1901, Mhz Limit: 1901
Processor Information for processor 12
  Max Mhz: 1901, Current Mhz: 1901, Mhz Limit: 1901
Processor Information for processor 13
  Max Mhz: 1901, Current Mhz: 1901, Mhz Limit: 1901
Processor Information for processor 14
  Max Mhz: 1901, Current Mhz: 1819, Mhz Limit: 1901
Processor Information for processor 15
  Max Mhz: 1901, Current Mhz: 1901, Mhz Limit: 1901

Memory: 4k page, system-wide physical 14188M (21M free)
TotalPageFile size 57196M (AvailPageFile size 0M)
current process WorkingSet (physical memory assigned to process): 14M, peak: 151M
current process commit charge ("private bytes"): 206M, peak: 375M

vm_info: Java HotSpot(TM) 64-Bit Server VM (22+36-2370) for windows-amd64 JRE (22+36-2370), built on 2024-02-15T22:15:19Z by "mach5one" with MS VC++ 17.6 (VS2022)

END.
